  run_app.c
D:\C\vs\demo1\run_app.c(52,9): warning C4477: “printf”: 格式字符串“%d”需要类型“int”的参数，但可变参数 1 拥有了类型“__int64”
D:\C\vs\demo1\run_app.c(52,9): message : 请考虑在格式字符串中使用“%lld”
D:\C\vs\demo1\run_app.c(52,9): message : 请考虑在格式字符串中使用“%Id”
D:\C\vs\demo1\run_app.c(52,9): message : 请考虑在格式字符串中使用“%I64d”
D:\C\vs\demo1\run_app.c(53,9): warning C4477: “printf”: 格式字符串“%d”需要类型“int”的参数，但可变参数 1 拥有了类型“size_t”
D:\C\vs\demo1\run_app.c(53,9): message : 请考虑在格式字符串中使用“%zd”
D:\C\vs\demo1\run_app.c(67,9): warning C4477: “printf”: 格式字符串“%d”需要类型“int”的参数，但可变参数 1 拥有了类型“size_t”
D:\C\vs\demo1\run_app.c(67,9): message : 请考虑在格式字符串中使用“%zd”
D:\C\vs\demo1\run_app.c(68,9): warning C4477: “printf”: 格式字符串“%d”需要类型“int”的参数，但可变参数 1 拥有了类型“size_t”
D:\C\vs\demo1\run_app.c(68,9): message : 请考虑在格式字符串中使用“%zd”
D:\C\vs\demo1\run_app.c(69,9): warning C4477: “printf”: 格式字符串“%d”需要类型“int”的参数，但可变参数 1 拥有了类型“size_t”
D:\C\vs\demo1\run_app.c(69,9): message : 请考虑在格式字符串中使用“%zd”
D:\C\vs\demo1\run_app.c(70,9): warning C4477: “printf”: 格式字符串“%d”需要类型“int”的参数，但可变参数 1 拥有了类型“size_t”
D:\C\vs\demo1\run_app.c(70,9): message : 请考虑在格式字符串中使用“%zd”
D:\C\vs\demo1\run_app.c(71,9): warning C4477: “printf”: 格式字符串“%d”需要类型“int”的参数，但可变参数 1 拥有了类型“size_t”
D:\C\vs\demo1\run_app.c(71,9): message : 请考虑在格式字符串中使用“%zd”
D:\C\vs\demo1\run_app.c(72,9): warning C4477: “printf”: 格式字符串“%d”需要类型“int”的参数，但可变参数 1 拥有了类型“size_t”
D:\C\vs\demo1\run_app.c(72,9): message : 请考虑在格式字符串中使用“%zd”
D:\C\vs\demo1\run_app.c(73,9): warning C4477: “printf”: 格式字符串“%d”需要类型“int”的参数，但可变参数 1 拥有了类型“size_t”
D:\C\vs\demo1\run_app.c(73,9): message : 请考虑在格式字符串中使用“%zd”
D:\C\vs\demo1\run_app.c(74,9): warning C4477: “printf”: 格式字符串“%d”需要类型“int”的参数，但可变参数 1 拥有了类型“size_t”
D:\C\vs\demo1\run_app.c(74,9): message : 请考虑在格式字符串中使用“%zd”
D:\C\vs\demo1\run_app.c(45,1): warning C4305: “初始化”: 从“double”到“float”截断
D:\C\vs\demo1\run_app.c(58,18): warning C4305: “初始化”: 从“int”到“char”截断
D:\C\vs\demo1\run_app.c(58,24): warning C4305: “初始化”: 从“int”到“char”截断
  demo1.vcxproj -> D:\C\vs\demo1\x64\Debug\demo1.exe
