E:\Program Files\Microsoft Visual Studio\2022\Enterprise\MSBuild\Microsoft\VC\v170\Microsoft.CppBuild.targets(510,5): warning MSB8028: 中间目录(x64\Debug\)包含从另一个项目(data_demo1.vcxproj, demo1.vcxproj)共享的文件。   这会导致错误的清除和重新生成行为。
  run_app.c
D:\C\vs\demo1_data\run_app.c(58,9): warning C4477: “printf”: 格式字符串“%d”需要类型“int”的参数，但可变参数 1 拥有了类型“size_t”
D:\C\vs\demo1_data\run_app.c(58,9): message : 请考虑在格式字符串中使用“%zd”
D:\C\vs\demo1_data\run_app.c(60,9): warning C4477: “printf”: 格式字符串“%d”需要类型“int”的参数，但可变参数 1 拥有了类型“size_t”
D:\C\vs\demo1_data\run_app.c(60,9): message : 请考虑在格式字符串中使用“%zd”
D:\C\vs\demo1_data\run_app.c(62,9): warning C4477: “printf”: 格式字符串“%d”需要类型“int”的参数，但可变参数 1 拥有了类型“size_t”
D:\C\vs\demo1_data\run_app.c(62,9): message : 请考虑在格式字符串中使用“%zd”
D:\C\vs\demo1_data\run_app.c(64,9): warning C4477: “printf”: 格式字符串“%d”需要类型“int”的参数，但可变参数 1 拥有了类型“size_t”
D:\C\vs\demo1_data\run_app.c(64,9): message : 请考虑在格式字符串中使用“%zd”
D:\C\vs\demo1_data\run_app.c(65,9): warning C4477: “printf”: 格式字符串“%d”需要类型“int”的参数，但可变参数 1 拥有了类型“__int64”
D:\C\vs\demo1_data\run_app.c(65,9): message : 请考虑在格式字符串中使用“%lld”
D:\C\vs\demo1_data\run_app.c(65,9): message : 请考虑在格式字符串中使用“%Id”
D:\C\vs\demo1_data\run_app.c(65,9): message : 请考虑在格式字符串中使用“%I64d”
D:\C\vs\demo1_data\run_app.c(66,9): warning C4477: “printf”: 格式字符串“%d”需要类型“int”的参数，但可变参数 1 拥有了类型“size_t”
D:\C\vs\demo1_data\run_app.c(66,9): message : 请考虑在格式字符串中使用“%zd”
D:\C\vs\demo1_data\run_app.c(68,9): warning C4477: “printf”: 格式字符串“%d”需要类型“int”的参数，但可变参数 1 拥有了类型“size_t”
D:\C\vs\demo1_data\run_app.c(68,9): message : 请考虑在格式字符串中使用“%zd”
D:\C\vs\demo1_data\run_app.c(70,9): warning C4477: “printf”: 格式字符串“%d”需要类型“int”的参数，但可变参数 1 拥有了类型“size_t”
D:\C\vs\demo1_data\run_app.c(70,9): message : 请考虑在格式字符串中使用“%zd”
D:\C\vs\demo1_data\run_app.c(72,9): warning C4477: “printf”: 格式字符串“%d”需要类型“int”的参数，但可变参数 1 拥有了类型“size_t”
D:\C\vs\demo1_data\run_app.c(72,9): message : 请考虑在格式字符串中使用“%zd”
D:\C\vs\demo1_data\run_app.c(73,9): warning C4477: “printf”: 格式字符串“%d”需要类型“int”的参数，但可变参数 1 拥有了类型“size_t”
D:\C\vs\demo1_data\run_app.c(73,9): message : 请考虑在格式字符串中使用“%zd”
D:\C\vs\demo1_data\run_app.c(86,9): warning C4477: “printf”: 格式字符串“%d”需要类型“int”的参数，但可变参数 1 拥有了类型“size_t”
D:\C\vs\demo1_data\run_app.c(86,9): message : 请考虑在格式字符串中使用“%zd”
D:\C\vs\demo1_data\run_app.c(87,9): warning C4477: “printf”: 格式字符串“%d”需要类型“int”的参数，但可变参数 1 拥有了类型“size_t”
D:\C\vs\demo1_data\run_app.c(87,9): message : 请考虑在格式字符串中使用“%zd”
D:\C\vs\demo1_data\run_app.c(89,9): warning C4477: “printf”: 格式字符串“%d”需要类型“int”的参数，但可变参数 1 拥有了类型“size_t”
D:\C\vs\demo1_data\run_app.c(89,9): message : 请考虑在格式字符串中使用“%zd”
D:\C\vs\demo1_data\run_app.c(90,9): warning C4477: “printf”: 格式字符串“%d”需要类型“int”的参数，但可变参数 1 拥有了类型“size_t”
D:\C\vs\demo1_data\run_app.c(90,9): message : 请考虑在格式字符串中使用“%zd”
D:\C\vs\demo1_data\run_app.c(92,9): warning C4477: “printf”: 格式字符串“%d”需要类型“int”的参数，但可变参数 1 拥有了类型“size_t”
D:\C\vs\demo1_data\run_app.c(92,9): message : 请考虑在格式字符串中使用“%zd”
D:\C\vs\demo1_data\run_app.c(93,9): warning C4477: “printf”: 格式字符串“%d”需要类型“int”的参数，但可变参数 1 拥有了类型“size_t”
D:\C\vs\demo1_data\run_app.c(93,9): message : 请考虑在格式字符串中使用“%zd”
D:\C\vs\demo1_data\run_app.c(95,9): warning C4477: “printf”: 格式字符串“%d”需要类型“int”的参数，但可变参数 1 拥有了类型“size_t”
D:\C\vs\demo1_data\run_app.c(95,9): message : 请考虑在格式字符串中使用“%zd”
D:\C\vs\demo1_data\run_app.c(96,9): warning C4477: “printf”: 格式字符串“%d”需要类型“int”的参数，但可变参数 1 拥有了类型“size_t”
D:\C\vs\demo1_data\run_app.c(96,9): message : 请考虑在格式字符串中使用“%zd”
D:\C\vs\demo1_data\run_app.c(114,9): warning C4476: "printf": 格式说明符中的类型字段字符“(”未知
D:\C\vs\demo1_data\run_app.c(51,1): warning C4305: “初始化”: 从“double”到“float”截断
  demo1.vcxproj -> D:\C\vs\demo1_data\x64\Debug\demo1_data.exe
